<html>
<head>
<title>TestNG:  Surefire test</title>
<link href="../testng.css" rel="stylesheet" type="text/css" />
<link href="../my-testng.css" rel="stylesheet" type="text/css" />

<style type="text/css">
.log { display: none;} 
.stack-trace { display: none;} 
</style>
<script type="text/javascript">
<!--
function flip(e) {
  current = e.style.display;
  if (current == 'block') {
    e.style.display = 'none';
    return 0;
  }
  else {
    e.style.display = 'block';
    return 1;
  }
}

function toggleBox(szDivId, elem, msg1, msg2)
{
  var res = -1;  if (document.getElementById) {
    res = flip(document.getElementById(szDivId));
  }
  else if (document.all) {
    // this is the way old msie versions work
    res = flip(document.all[szDivId]);
  }
  if(elem) {
    if(res == 0) elem.innerHTML = msg1; else elem.innerHTML = msg2;
  }

}

function toggleAllBoxes() {
  if (document.getElementsByTagName) {
    d = document.getElementsByTagName('div');
    for (i = 0; i < d.length; i++) {
      if (d[i].className == 'log') {
        flip(d[i]);
      }
    }
  }
}

// -->
</script>

</head>
<body>
<h2 align='center'>Surefire test</h2><table border='1' align="center">
<tr>
<td>Tests passed/Failed/Skipped:</td><td>3/2/0</td>
</tr><tr>
<td>Started on:</td><td>Sat Sep 24 04:23:39 IST 2022</td>
</tr>
<tr><td>Total time:</td><td>299 seconds (299635 ms)</td>
</tr><tr>
<td>Included groups:</td><td></td>
</tr><tr>
<td>Excluded groups:</td><td></td>
</tr>
</table><p/>
<small><i>(Hover the method name to see the test class name)</i></small><p/>
<table width='100%' border='1' class='invocation-failed'>
<tr><td colspan='4' align='center'><b>FAILED TESTS</b></td></tr>
<tr><td><b>Test method</b></td>
<td><b>Attribute(s)</b></td>
<td width="30%"><b>Exception</b></td>
<td width="10%"><b>Time (seconds)</b></td>
<td><b>Instance</b></td>
</tr>
<tr>
<td title='Cucumber.TestRunner.runScenario()'><b>runScenario</b><br>Test class: Cucumber.TestRunner<br>Test method: Runs Cucumber Scenarios<br>Parameters: "postive test when clicked on Ad Page", "Your Logo Ecommerce Website"</td>
<td><div><pre>org.openqa.selenium.SessionNotCreatedException: Could not start a new session. Response code 500. Message: chrome not reachable
Build info: version: &apos;4.4.0&apos;, revision: &apos;e5c75ed026a&apos;
System info: host: &apos;LAPTOP-J66Q2AT5&apos;, ip: &apos;192.168.1.79&apos;, os.name: &apos;Windows 11&apos;, os.arch: &apos;amd64&apos;, os.version: &apos;10.0&apos;, java.version: &apos;18.0.1.1&apos;
Driver info: org.openqa.selenium.chrome.ChromeDriver
Command: [null, newSession {capabilities=[Capabilities {browserName: chrome, goog:chromeOptions: {args: [], extensions: []}}], desiredCapabilities=Capabilities {browserName: chrome, goog:chromeOptions: {args: [], extensions: []}}}]
	at org.openqa.selenium.remote.ProtocolHandshake.createSession(ProtocolHandshake.java:144)
	at org.openqa.selenium.remote.ProtocolHandshake.createSession(ProtocolHandshake.java:102)
	at org.openqa.selenium.remote.ProtocolHandshake.createSession(ProtocolHandshake.java:67)
	at org.openqa.selenium.remote.HttpCommandExecutor.execute(HttpCommandExecutor.java:156)
	at org.openqa.selenium.remote.service.DriverCommandExecutor.invokeExecute(DriverCommandExecutor.java:167)
	at org.openqa.selenium.remote.service.DriverCommandExecutor.execute(DriverCommandExecutor.java:142)
	at org.openqa.selenium.remote.RemoteWebDriver.execute(RemoteWebDriver.java:547)
	at org.openqa.selenium.remote.RemoteWebDriver.startSession(RemoteWebDriver.java:242)
	at org.openqa.selenium.remote.RemoteWebDriver.&lt;init&gt;(RemoteWebDriver.java:157)
	at org.openqa.selenium.chromium.ChromiumDriver.&lt;init&gt;(ChromiumDriver.java:101)
	at org.openqa.selenium.chrome.ChromeDriver.&lt;init&gt;(ChromeDriver.java:81)
	at org.openqa.selenium.chrome.ChromeDriver.&lt;init&gt;(ChromeDriver.java:49)
	at utils.BastTest.initialize(BastTest.java:62)
	at utils.BastTest.getDriverInstance(BastTest.java:79)
	at stepDefinition.stepDefinitionImplementation.Landed_on_Your_Logo_Website(stepDefinitionImplementation.java:39)
	at ✽.Landed on Your Logo Website(file:///C:/eclipseWorkspace/seleniumFramework/LiveProjectsEcommerceFramework/src/test/java/Cucumber/AllTestFeatures.feature:4)
</pre></div><a href='#' onClick='toggleBox("stack-trace2093996783", this, "Click to show all stack frames", "Click to hide stack frames")'>Click to show all stack frames</a>
<div class='stack-trace' id='stack-trace2093996783'><pre>org.openqa.selenium.SessionNotCreatedException: Could not start a new session. Response code 500. Message: chrome not reachable
Build info: version: &apos;4.4.0&apos;, revision: &apos;e5c75ed026a&apos;
System info: host: &apos;LAPTOP-J66Q2AT5&apos;, ip: &apos;192.168.1.79&apos;, os.name: &apos;Windows 11&apos;, os.arch: &apos;amd64&apos;, os.version: &apos;10.0&apos;, java.version: &apos;18.0.1.1&apos;
Driver info: org.openqa.selenium.chrome.ChromeDriver
Command: [null, newSession {capabilities=[Capabilities {browserName: chrome, goog:chromeOptions: {args: [], extensions: []}}], desiredCapabilities=Capabilities {browserName: chrome, goog:chromeOptions: {args: [], extensions: []}}}]
	at org.openqa.selenium.remote.ProtocolHandshake.createSession(ProtocolHandshake.java:144)
	at org.openqa.selenium.remote.ProtocolHandshake.createSession(ProtocolHandshake.java:102)
	at org.openqa.selenium.remote.ProtocolHandshake.createSession(ProtocolHandshake.java:67)
	at org.openqa.selenium.remote.HttpCommandExecutor.execute(HttpCommandExecutor.java:156)
	at org.openqa.selenium.remote.service.DriverCommandExecutor.invokeExecute(DriverCommandExecutor.java:167)
	at org.openqa.selenium.remote.service.DriverCommandExecutor.execute(DriverCommandExecutor.java:142)
	at org.openqa.selenium.remote.RemoteWebDriver.execute(RemoteWebDriver.java:547)
	at org.openqa.selenium.remote.RemoteWebDriver.startSession(RemoteWebDriver.java:242)
	at org.openqa.selenium.remote.RemoteWebDriver.&lt;init&gt;(RemoteWebDriver.java:157)
	at org.openqa.selenium.chromium.ChromiumDriver.&lt;init&gt;(ChromiumDriver.java:101)
	at org.openqa.selenium.chrome.ChromeDriver.&lt;init&gt;(ChromeDriver.java:81)
	at org.openqa.selenium.chrome.ChromeDriver.&lt;init&gt;(ChromeDriver.java:49)
	at utils.BastTest.initialize(BastTest.java:62)
	at utils.BastTest.getDriverInstance(BastTest.java:79)
	at stepDefinition.stepDefinitionImplementation.Landed_on_Your_Logo_Website(stepDefinitionImplementation.java:39)
	at ✽.Landed on Your Logo Website(file:///C:/eclipseWorkspace/seleniumFramework/LiveProjectsEcommerceFramework/src/test/java/Cucumber/AllTestFeatures.feature:4)
</pre></div></td>
<td>75</td>
<td>Cucumber.TestRunner@31d7b7bf</td></tr>
<tr>
<td title='Cucumber.TestRunner.runScenario()'><b>runScenario</b><br>Test class: Cucumber.TestRunner<br>Test method: Runs Cucumber Scenarios<br>Parameters: "Sign In page check with correct and wrong credentials", "Your Logo Ecommerce Website"</td>
<td><div><pre>java.lang.AssertionError: expected [ failed..] but found [ failed.]
	at stepDefinition.stepDefinitionImplementation.if_correct_credential_page_should_signed_in_with_correct_registered_name_else_error_message_should_displayed(stepDefinitionImplementation.java:74)
	at ✽.If correct credential page should signed in with correct registered name else error message should displayed(file:///C:/eclipseWorkspace/seleniumFramework/LiveProjectsEcommerceFramework/src/test/java/Cucumber/AllTestFeatures.feature:18)
... Removed 6 stack frames</pre></div><a href='#' onClick='toggleBox("stack-trace356347252", this, "Click to show all stack frames", "Click to hide stack frames")'>Click to show all stack frames</a>
<div class='stack-trace' id='stack-trace356347252'><pre>java.lang.AssertionError: expected [ failed..] but found [ failed.]
	at org.testng.Assert.fail(Assert.java:110)
	at org.testng.Assert.failNotEquals(Assert.java:1413)
	at org.testng.Assert.assertEqualsImpl(Assert.java:149)
	at org.testng.Assert.assertEquals(Assert.java:131)
	at org.testng.Assert.assertEquals(Assert.java:655)
	at org.testng.Assert.assertEquals(Assert.java:665)
	at stepDefinition.stepDefinitionImplementation.if_correct_credential_page_should_signed_in_with_correct_registered_name_else_error_message_should_displayed(stepDefinitionImplementation.java:74)
	at ✽.If correct credential page should signed in with correct registered name else error message should displayed(file:///C:/eclipseWorkspace/seleniumFramework/LiveProjectsEcommerceFramework/src/test/java/Cucumber/AllTestFeatures.feature:18)
</pre></div></td>
<td>25</td>
<td>Cucumber.TestRunner@31d7b7bf</td></tr>
</table><p>
<table width='100%' border='1' class='invocation-passed'>
<tr><td colspan='4' align='center'><b>PASSED TESTS</b></td></tr>
<tr><td><b>Test method</b></td>
<td><b>Attribute(s)</b></td>
<td width="30%"><b>Exception</b></td>
<td width="10%"><b>Time (seconds)</b></td>
<td><b>Instance</b></td>
</tr>
<tr>
<td title='Cucumber.TestRunner.runScenario()'><b>runScenario</b><br>Test class: Cucumber.TestRunner<br>Test method: Runs Cucumber Scenarios<br>Parameters: "purchase item order with wrong credentials", "Your Logo Ecommerce Website"</td>
<td></td>
<td>21</td>
<td>Cucumber.TestRunner@31d7b7bf</td></tr>
<tr>
<td title='Cucumber.TestRunner.runScenario()'><b>runScenario</b><br>Test class: Cucumber.TestRunner<br>Test method: Runs Cucumber Scenarios<br>Parameters: "Sign In page check with correct and wrong credentials", "Your Logo Ecommerce Website"</td>
<td></td>
<td>94</td>
<td>Cucumber.TestRunner@31d7b7bf</td></tr>
<tr>
<td title='Cucumber.TestRunner.runScenario()'><b>runScenario</b><br>Test class: Cucumber.TestRunner<br>Test method: Runs Cucumber Scenarios<br>Parameters: "purchase item order with correct credentials", "Your Logo Ecommerce Website"</td>
<td></td>
<td>79</td>
<td>Cucumber.TestRunner@31d7b7bf</td></tr>
</table><p>
</body>
</html>