<?xml version="1.0" encoding="UTF-8"?>
<!-- Generated by org.testng.reporters.JUnitXMLReporter -->
<testsuite ignored="0" hostname="LAPTOP-J66Q2AT5" failures="1" tests="2" name="Purchase" time="110.218" errors="0" timestamp="2022-09-20T22:48:16 IST">
  <testcase classname="EcommerceFramework.PurchasePageTest" name="PurchaseDress" time="35.715"/>
  <testcase classname="EcommerceFramework.PurchasePageTest" name="PurchaseDress" time="60.743">
    <failure type="java.lang.AssertionError" message="expected [ failed..] but found [ failed.]">
      <![CDATA[java.lang.AssertionError: expected [ failed..] but found [ failed.]
at EcommerceFramework.PurchasePageTest.PurchaseDress(PurchasePageTest.java:35)
at java.base/java.util.ArrayList.forEach(ArrayList.java:1511)
... Removed 33 stack frames]]>
    </failure>
  </testcase> <!-- PurchaseDress -->
</testsuite> <!-- Purchase -->
