<?xml version="1.0" encoding="UTF-8"?>
<!-- Generated by org.testng.reporters.JUnitXMLReporter -->
<testsuite ignored="0" hostname="LAPTOP-J66Q2AT5" failures="1" tests="2" name="SignIn" time="34.969" errors="0" timestamp="2022-09-20T22:49:00 IST">
  <testcase classname="EcommerceFramework.SignInPageTest" name="signInUser" time="19.504"/>
  <testcase classname="EcommerceFramework.SignInPageTest" name="signInUser" time="5.629">
    <failure type="java.lang.AssertionError" message="expected [ failed..] but found [ failed.]">
      <![CDATA[java.lang.AssertionError: expected [ failed..] but found [ failed.]
at EcommerceFramework.SignInPageTest.signInUser(SignInPageTest.java:25)
at java.base/java.util.ArrayList.forEach(ArrayList.java:1511)
... Removed 33 stack frames]]>
    </failure>
  </testcase> <!-- signInUser -->
</testsuite> <!-- SignIn -->
