<?xml version="1.0" encoding="UTF-8"?>
<!-- Generated by org.testng.reporters.JUnitReportReporter -->
<testsuite hostname="LAPTOP-J66Q2AT5" failures="1" tests="5" name="Cucumber.TestRunner" time="295.724" errors="1" timestamp="2022-09-24T04:28:39 IST" skipped="0">
  <testcase classname="Cucumber.TestRunner" name="runScenario" time="75.119">
    <error message="Could not start a new session. Response code 500. Message: chrome not reachable
Build info: version: &#039;4.4.0&#039;, revision: &#039;e5c75ed026a&#039;
System info: host: &#039;LAPTOP-J66Q2AT5&#039;, ip: &#039;192.168.1.79&#039;, os.name: &#039;Windows 11&#039;, os.arch: &#039;amd64&#039;, os.version: &#039;10.0&#039;, java.version: &#039;18.0.1.1&#039;
Driver info: org.openqa.selenium.chrome.ChromeDriver
Command: [null, newSession {capabilities=[Capabilities {browserName: chrome, goog:chromeOptions: {args: [], extensions: []}}], desiredCapabilities=Capabilities {browserName: chrome, goog:chromeOptions: {args: [], extensions: []}}}]" type="org.openqa.selenium.SessionNotCreatedException">
      <![CDATA[org.openqa.selenium.SessionNotCreatedException: Could not start a new session. Response code 500. Message: chrome not reachable
Build info: version: '4.4.0', revision: 'e5c75ed026a'
System info: host: 'LAPTOP-J66Q2AT5', ip: '192.168.1.79', os.name: 'Windows 11', os.arch: 'amd64', os.version: '10.0', java.version: '18.0.1.1'
Driver info: org.openqa.selenium.chrome.ChromeDriver
Command: [null, newSession {capabilities=[Capabilities {browserName: chrome, goog:chromeOptions: {args: [], extensions: []}}], desiredCapabilities=Capabilities {browserName: chrome, goog:chromeOptions: {args: [], extensions: []}}}]
at org.openqa.selenium.remote.ProtocolHandshake.createSession(ProtocolHandshake.java:144)
at org.openqa.selenium.remote.ProtocolHandshake.createSession(ProtocolHandshake.java:102)
at org.openqa.selenium.remote.ProtocolHandshake.createSession(ProtocolHandshake.java:67)
at org.openqa.selenium.remote.HttpCommandExecutor.execute(HttpCommandExecutor.java:156)
at org.openqa.selenium.remote.service.DriverCommandExecutor.invokeExecute(DriverCommandExecutor.java:167)
at org.openqa.selenium.remote.service.DriverCommandExecutor.execute(DriverCommandExecutor.java:142)
at org.openqa.selenium.remote.RemoteWebDriver.execute(RemoteWebDriver.java:547)
at org.openqa.selenium.remote.RemoteWebDriver.startSession(RemoteWebDriver.java:242)
at org.openqa.selenium.remote.RemoteWebDriver.<init>(RemoteWebDriver.java:157)
at org.openqa.selenium.chromium.ChromiumDriver.<init>(ChromiumDriver.java:101)
at org.openqa.selenium.chrome.ChromeDriver.<init>(ChromeDriver.java:81)
at org.openqa.selenium.chrome.ChromeDriver.<init>(ChromeDriver.java:49)
at utils.BastTest.initialize(BastTest.java:62)
at utils.BastTest.getDriverInstance(BastTest.java:79)
at stepDefinition.stepDefinitionImplementation.Landed_on_Your_Logo_Website(stepDefinitionImplementation.java:39)
at ✽.Landed on Your Logo Website(file:///C:/eclipseWorkspace/seleniumFramework/LiveProjectsEcommerceFramework/src/test/java/Cucumber/AllTestFeatures.feature:4)
]]>
    </error>
  </testcase> <!-- runScenario -->
  <system-out/>
  <testcase classname="Cucumber.TestRunner" name="runScenario" time="21.420"/>
  <system-out/>
  <testcase classname="Cucumber.TestRunner" name="runScenario" time="25.246">
    <failure message="expected [ failed..] but found [ failed.]" type="java.lang.AssertionError">
      <![CDATA[java.lang.AssertionError: expected [ failed..] but found [ failed.]
at org.testng.Assert.fail(Assert.java:110)
at org.testng.Assert.failNotEquals(Assert.java:1413)
at org.testng.Assert.assertEqualsImpl(Assert.java:149)
at org.testng.Assert.assertEquals(Assert.java:131)
at org.testng.Assert.assertEquals(Assert.java:655)
at org.testng.Assert.assertEquals(Assert.java:665)
at stepDefinition.stepDefinitionImplementation.if_correct_credential_page_should_signed_in_with_correct_registered_name_else_error_message_should_displayed(stepDefinitionImplementation.java:74)
at ✽.If correct credential page should signed in with correct registered name else error message should displayed(file:///C:/eclipseWorkspace/seleniumFramework/LiveProjectsEcommerceFramework/src/test/java/Cucumber/AllTestFeatures.feature:18)
]]>
    </failure>
  </testcase> <!-- runScenario -->
  <system-out/>
  <testcase classname="Cucumber.TestRunner" name="runScenario" time="94.738"/>
  <system-out/>
  <testcase classname="Cucumber.TestRunner" name="runScenario" time="79.201"/>
  <system-out/>
</testsuite> <!-- Cucumber.TestRunner -->
